<?xml version="1.0" encoding="UTF-8"?><testrun name="KontraktTestSuite" project="lab2" tests="41" started="41" failures="2" errors="0" ignored="0">
  <testsuite name="lab2Tdd.KontraktTestSuite" time="0.111">
    <testsuite name="lab2Tdd.InterfejsTests" time="0.099">
      <testcase name="hultajchochlaTest1" classname="lab2Tdd.InterfejsTests" time="0.001"/>
      <testcase name="hultajchochlaTest2" classname="lab2Tdd.InterfejsTests" time="0.001"/>
      <testcase name="hultajchochlaTest3" classname="lab2Tdd.InterfejsTests" time="0.001"/>
      <testcase name="hultajchochlaTest4" classname="lab2Tdd.InterfejsTests" time="0.001"/>
      <testcase name="hultajchochlaTest5" classname="lab2Tdd.InterfejsTests" time="0.012">
        <failure>java.lang.AssertionError: expected:&lt;Jedna cyfra&gt; but was:&lt;null&gt;&#13;
	at org.junit.Assert.fail(Assert.java:88)&#13;
	at org.junit.Assert.failNotEquals(Assert.java:743)&#13;
	at org.junit.Assert.assertEquals(Assert.java:118)&#13;
	at org.junit.Assert.assertEquals(Assert.java:144)&#13;
	at lab2Tdd.InterfejsTests.hultajchochlaTest5(InterfejsTests.java:153)&#13;
	at sun.reflect.NativeMethodAccessorImpl.invoke0(Native Method)&#13;
	at sun.reflect.NativeMethodAccessorImpl.invoke(Unknown Source)&#13;
	at sun.reflect.DelegatingMethodAccessorImpl.invoke(Unknown Source)&#13;
	at java.lang.reflect.Method.invoke(Unknown Source)&#13;
	at org.junit.runners.model.FrameworkMethod$1.runReflectiveCall(FrameworkMethod.java:47)&#13;
	at org.junit.internal.runners.model.ReflectiveCallable.run(ReflectiveCallable.java:12)&#13;
	at org.junit.runners.model.FrameworkMethod.invokeExplosively(FrameworkMethod.java:44)&#13;
	at org.junit.internal.runners.statements.InvokeMethod.evaluate(InvokeMethod.java:17)&#13;
	at org.junit.rules.ExpectedException$ExpectedExceptionStatement.evaluate(ExpectedException.java:168)&#13;
	at org.junit.rules.RunRules.evaluate(RunRules.java:20)&#13;
	at org.junit.runners.ParentRunner.runLeaf(ParentRunner.java:271)&#13;
	at org.junit.runners.BlockJUnit4ClassRunner.runChild(BlockJUnit4ClassRunner.java:70)&#13;
	at org.junit.runners.BlockJUnit4ClassRunner.runChild(BlockJUnit4ClassRunner.java:50)&#13;
	at org.junit.runners.ParentRunner$3.run(ParentRunner.java:238)&#13;
	at org.junit.runners.ParentRunner$1.schedule(ParentRunner.java:63)&#13;
	at org.junit.runners.ParentRunner.runChildren(ParentRunner.java:236)&#13;
	at org.junit.runners.ParentRunner.access$000(ParentRunner.java:53)&#13;
	at org.junit.runners.ParentRunner$2.evaluate(ParentRunner.java:229)&#13;
	at org.junit.runners.ParentRunner.run(ParentRunner.java:309)&#13;
	at org.junit.runners.Suite.runChild(Suite.java:127)&#13;
	at org.junit.runners.Suite.runChild(Suite.java:26)&#13;
	at org.junit.runners.ParentRunner$3.run(ParentRunner.java:238)&#13;
	at org.junit.runners.ParentRunner$1.schedule(ParentRunner.java:63)&#13;
	at org.junit.runners.ParentRunner.runChildren(ParentRunner.java:236)&#13;
	at org.junit.runners.ParentRunner.access$000(ParentRunner.java:53)&#13;
	at org.junit.runners.ParentRunner$2.evaluate(ParentRunner.java:229)&#13;
	at org.junit.runners.ParentRunner.run(ParentRunner.java:309)&#13;
	at org.eclipse.jdt.internal.junit4.runner.JUnit4TestReference.run(JUnit4TestReference.java:50)&#13;
	at org.eclipse.jdt.internal.junit.runner.TestExecution.run(TestExecution.java:38)&#13;
	at org.eclipse.jdt.internal.junit.runner.RemoteTestRunner.runTests(RemoteTestRunner.java:459)&#13;
	at org.eclipse.jdt.internal.junit.runner.RemoteTestRunner.runTests(RemoteTestRunner.java:675)&#13;
	at org.eclipse.jdt.internal.junit.runner.RemoteTestRunner.run(RemoteTestRunner.java:382)&#13;
	at org.eclipse.jdt.internal.junit.runner.RemoteTestRunner.main(RemoteTestRunner.java:192)&#13;
&#13;
</failure>
      </testcase>
      <testcase name="hultajchochlaTest6" classname="lab2Tdd.InterfejsTests" time="0.005"/>
      <testcase name="hultajchochlaTest7" classname="lab2Tdd.InterfejsTests" time="0.037">
        <failure>java.lang.AssertionError: 
Expected: (an instance of lab2Tdd.NieudanyPsikusException and exception with message a string containing "Jedna cyfra")
     but: exception with message a string containing "Jedna cyfra" message was null
Stacktrace was: lab2Tdd.NieudanyPsikusException&#13;
	at lab2Tdd.Kontrakt.hultajchochla(Kontrakt.java:45)&#13;
	at lab2Tdd.InterfejsTests.hultajchochlaTest7(InterfejsTests.java:100)&#13;
	at sun.reflect.NativeMethodAccessorImpl.invoke0(Native Method)&#13;
	at sun.reflect.NativeMethodAccessorImpl.invoke(Unknown Source)&#13;
	at sun.reflect.DelegatingMethodAccessorImpl.invoke(Unknown Source)&#13;
	at java.lang.reflect.Method.invoke(Unknown Source)&#13;
	at org.junit.runners.model.FrameworkMethod$1.runReflectiveCall(FrameworkMethod.java:47)&#13;
	at org.junit.internal.runners.model.ReflectiveCallable.run(ReflectiveCallable.java:12)&#13;
	at org.junit.runners.model.FrameworkMethod.invokeExplosively(FrameworkMethod.java:44)&#13;
	at org.junit.internal.runners.statements.InvokeMethod.evaluate(InvokeMethod.java:17)&#13;
	at org.junit.rules.ExpectedException$ExpectedExceptionStatement.evaluate(ExpectedException.java:168)&#13;
	at org.junit.rules.RunRules.evaluate(RunRules.java:20)&#13;
	at org.junit.runners.ParentRunner.runLeaf(ParentRunner.java:271)&#13;
	at org.junit.runners.BlockJUnit4ClassRunner.runChild(BlockJUnit4ClassRunner.java:70)&#13;
	at org.junit.runners.BlockJUnit4ClassRunner.runChild(BlockJUnit4ClassRunner.java:50)&#13;
	at org.junit.runners.ParentRunner$3.run(ParentRunner.java:238)&#13;
	at org.junit.runners.ParentRunner$1.schedule(ParentRunner.java:63)&#13;
	at org.junit.runners.ParentRunner.runChildren(ParentRunner.java:236)&#13;
	at org.junit.runners.ParentRunner.access$000(ParentRunner.java:53)&#13;
	at org.junit.runners.ParentRunner$2.evaluate(ParentRunner.java:229)&#13;
	at org.junit.runners.ParentRunner.run(ParentRunner.java:309)&#13;
	at org.junit.runners.Suite.runChild(Suite.java:127)&#13;
	at org.junit.runners.Suite.runChild(Suite.java:26)&#13;
	at org.junit.runners.ParentRunner$3.run(ParentRunner.java:238)&#13;
	at org.junit.runners.ParentRunner$1.schedule(ParentRunner.java:63)&#13;
	at org.junit.runners.ParentRunner.runChildren(ParentRunner.java:236)&#13;
	at org.junit.runners.ParentRunner.access$000(ParentRunner.java:53)&#13;
	at org.junit.runners.ParentRunner$2.evaluate(ParentRunner.java:229)&#13;
	at org.junit.runners.ParentRunner.run(ParentRunner.java:309)&#13;
	at org.eclipse.jdt.internal.junit4.runner.JUnit4TestReference.run(JUnit4TestReference.java:50)&#13;
	at org.eclipse.jdt.internal.junit.runner.TestExecution.run(TestExecution.java:38)&#13;
	at org.eclipse.jdt.internal.junit.runner.RemoteTestRunner.runTests(RemoteTestRunner.java:459)&#13;
	at org.eclipse.jdt.internal.junit.runner.RemoteTestRunner.runTests(RemoteTestRunner.java:675)&#13;
	at org.eclipse.jdt.internal.junit.runner.RemoteTestRunner.run(RemoteTestRunner.java:382)&#13;
	at org.eclipse.jdt.internal.junit.runner.RemoteTestRunner.main(RemoteTestRunner.java:192)&#13;
&#13;
	at org.hamcrest.MatcherAssert.assertThat(MatcherAssert.java:20)&#13;
	at org.junit.Assert.assertThat(Assert.java:865)&#13;
	at org.junit.Assert.assertThat(Assert.java:832)&#13;
	at org.junit.rules.ExpectedException.handleException(ExpectedException.java:198)&#13;
	at org.junit.rules.ExpectedException.access$500(ExpectedException.java:85)&#13;
	at org.junit.rules.ExpectedException$ExpectedExceptionStatement.evaluate(ExpectedException.java:177)&#13;
	at org.junit.rules.RunRules.evaluate(RunRules.java:20)&#13;
	at org.junit.runners.ParentRunner.runLeaf(ParentRunner.java:271)&#13;
	at org.junit.runners.BlockJUnit4ClassRunner.runChild(BlockJUnit4ClassRunner.java:70)&#13;
	at org.junit.runners.BlockJUnit4ClassRunner.runChild(BlockJUnit4ClassRunner.java:50)&#13;
	at org.junit.runners.ParentRunner$3.run(ParentRunner.java:238)&#13;
	at org.junit.runners.ParentRunner$1.schedule(ParentRunner.java:63)&#13;
	at org.junit.runners.ParentRunner.runChildren(ParentRunner.java:236)&#13;
	at org.junit.runners.ParentRunner.access$000(ParentRunner.java:53)&#13;
	at org.junit.runners.ParentRunner$2.evaluate(ParentRunner.java:229)&#13;
	at org.junit.runners.ParentRunner.run(ParentRunner.java:309)&#13;
	at org.junit.runners.Suite.runChild(Suite.java:127)&#13;
	at org.junit.runners.Suite.runChild(Suite.java:26)&#13;
	at org.junit.runners.ParentRunner$3.run(ParentRunner.java:238)&#13;
	at org.junit.runners.ParentRunner$1.schedule(ParentRunner.java:63)&#13;
	at org.junit.runners.ParentRunner.runChildren(ParentRunner.java:236)&#13;
	at org.junit.runners.ParentRunner.access$000(ParentRunner.java:53)&#13;
	at org.junit.runners.ParentRunner$2.evaluate(ParentRunner.java:229)&#13;
	at org.junit.runners.ParentRunner.run(ParentRunner.java:309)&#13;
	at org.eclipse.jdt.internal.junit4.runner.JUnit4TestReference.run(JUnit4TestReference.java:50)&#13;
	at org.eclipse.jdt.internal.junit.runner.TestExecution.run(TestExecution.java:38)&#13;
	at org.eclipse.jdt.internal.junit.runner.RemoteTestRunner.runTests(RemoteTestRunner.java:459)&#13;
	at org.eclipse.jdt.internal.junit.runner.RemoteTestRunner.runTests(RemoteTestRunner.java:675)&#13;
	at org.eclipse.jdt.internal.junit.runner.RemoteTestRunner.run(RemoteTestRunner.java:382)&#13;
	at org.eclipse.jdt.internal.junit.runner.RemoteTestRunner.main(RemoteTestRunner.java:192)&#13;
&#13;
</failure>
      </testcase>
      <testcase name="hultajchochlaTest9" classname="lab2Tdd.InterfejsTests" time="0.0"/>
      <testcase name="nieksztaltekTest10" classname="lab2Tdd.InterfejsTests" time="0.008"/>
      <testcase name="CyfrokradTest1" classname="lab2Tdd.InterfejsTests" time="0.0"/>
      <testcase name="CyfrokradTest2" classname="lab2Tdd.InterfejsTests" time="0.001"/>
      <testcase name="CyfrokradTest3" classname="lab2Tdd.InterfejsTests" time="0.0"/>
      <testcase name="CyfrokradTest4" classname="lab2Tdd.InterfejsTests" time="0.001"/>
      <testcase name="CyfrokradTest5" classname="lab2Tdd.InterfejsTests" time="0.0"/>
      <testcase name="CyfrokradTest6" classname="lab2Tdd.InterfejsTests" time="0.002"/>
      <testcase name="CyfrokradTest7" classname="lab2Tdd.InterfejsTests" time="0.001"/>
      <testcase name="nieksztaltekTest1" classname="lab2Tdd.InterfejsTests" time="0.0"/>
      <testcase name="nieksztaltekTest3" classname="lab2Tdd.InterfejsTests" time="0.001"/>
      <testcase name="nieksztaltekTest4" classname="lab2Tdd.InterfejsTests" time="0.0"/>
      <testcase name="nieksztaltekTest5" classname="lab2Tdd.InterfejsTests" time="0.005"/>
      <testcase name="nieksztaltekTest6" classname="lab2Tdd.InterfejsTests" time="0.008"/>
      <testcase name="nieksztaltekTest7" classname="lab2Tdd.InterfejsTests" time="0.003"/>
      <testcase name="nieksztaltekTest8" classname="lab2Tdd.InterfejsTests" time="0.004"/>
      <testcase name="nieksztaltekTest9" classname="lab2Tdd.InterfejsTests" time="0.001"/>
      <testcase name="hultajchochlaTestIfCorrect" classname="lab2Tdd.InterfejsTests" time="0.0"/>
      <testcase name="hultajchochlaTest" classname="lab2Tdd.InterfejsTests" time="0.001"/>
      <testcase name="nieksztaltek6" classname="lab2Tdd.InterfejsTests" time="0.002"/>
    </testsuite>
    <testsuite name="lab2Tdd.nieksztaltekTestWithParam" time="0.004">
      <testsuite name="[0]" time="0.001">
        <testcase name="TestingwithParameters[0]" classname="lab2Tdd.nieksztaltekTestWithParam" time="0.001"/>
      </testsuite>
      <testsuite name="[1]" time="0.0">
        <testcase name="TestingwithParameters[1]" classname="lab2Tdd.nieksztaltekTestWithParam" time="0.0"/>
      </testsuite>
      <testsuite name="[2]" time="0.0">
        <testcase name="TestingwithParameters[2]" classname="lab2Tdd.nieksztaltekTestWithParam" time="0.0"/>
      </testsuite>
      <testsuite name="[3]" time="0.001">
        <testcase name="TestingwithParameters[3]" classname="lab2Tdd.nieksztaltekTestWithParam" time="0.001"/>
      </testsuite>
      <testsuite name="[4]" time="0.001">
        <testcase name="TestingwithParameters[4]" classname="lab2Tdd.nieksztaltekTestWithParam" time="0.001"/>
      </testsuite>
    </testsuite>
    <testsuite name="lab2Tdd.hultajchochlaTestsWithParam" time="0.004">
      <testsuite name="[0]" time="0.001">
        <testcase name="TestingwithParameters[0]" classname="lab2Tdd.hultajchochlaTestsWithParam" time="0.001"/>
      </testsuite>
      <testsuite name="[1]" time="0.0">
        <testcase name="TestingwithParameters[1]" classname="lab2Tdd.hultajchochlaTestsWithParam" time="0.0"/>
      </testsuite>
      <testsuite name="[2]" time="0.001">
        <testcase name="TestingwithParameters[2]" classname="lab2Tdd.hultajchochlaTestsWithParam" time="0.001"/>
      </testsuite>
      <testsuite name="[3]" time="0.0">
        <testcase name="TestingwithParameters[3]" classname="lab2Tdd.hultajchochlaTestsWithParam" time="0.0"/>
      </testsuite>
      <testsuite name="[4]" time="0.002">
        <testcase name="TestingwithParameters[4]" classname="lab2Tdd.hultajchochlaTestsWithParam" time="0.001"/>
      </testsuite>
    </testsuite>
    <testsuite name="lab2Tdd.cyfrokradTestsWithParam" time="0.004">
      <testsuite name="[0]" time="0.0">
        <testcase name="TestingwithParameters[0]" classname="lab2Tdd.cyfrokradTestsWithParam" time="0.0"/>
      </testsuite>
      <testsuite name="[1]" time="0.001">
        <testcase name="TestingwithParameters[1]" classname="lab2Tdd.cyfrokradTestsWithParam" time="0.001"/>
      </testsuite>
      <testsuite name="[2]" time="0.001">
        <testcase name="TestingwithParameters[2]" classname="lab2Tdd.cyfrokradTestsWithParam" time="0.001"/>
      </testsuite>
      <testsuite name="[3]" time="0.002">
        <testcase name="TestingwithParameters[3]" classname="lab2Tdd.cyfrokradTestsWithParam" time="0.002"/>
      </testsuite>
    </testsuite>
  </testsuite>
</testrun>
